<?xml version="1.0" encoding="UTF-8"?>
<!-- Generated by org.testng.reporters.JUnitReportReporter -->
<testsuite hostname="LTIN227249" failures="0" tests="3" name="testCases.TC_003_FormFill" time="24.281" errors="0" timestamp="2024-03-26T09:29:12 IST" skipped="0">
  <testcase classname="testCases.TC_003_FormFill" name="goEnterprise" time="14.361"/>
  <testcase classname="testCases.TC_003_FormFill" name="goCampus" time="0.541"/>
  <testcase classname="testCases.TC_003_FormFill" name="fillingForm" time="9.379"/>
</testsuite> <!-- testCases.TC_003_FormFill -->
