<?xml version="1.0" encoding="UTF-8"?>
<!-- Generated by org.testng.reporters.JUnitReportReporter -->
<testsuite hostname="LTIN227249" failures="0" tests="9" name="testCases.TC_004_FormFillDataDriven" time="119.572" errors="0" timestamp="2024-03-26T09:29:12 IST" skipped="0">
  <testcase classname="testCases.TC_004_FormFillDataDriven" name="dataFill" time="10.035"/>
  <testcase classname="testCases.TC_004_FormFillDataDriven" name="dataFill" time="20.012"/>
  <testcase classname="testCases.TC_004_FormFillDataDriven" name="dataFill" time="10.139"/>
  <testcase classname="testCases.TC_004_FormFillDataDriven" name="dataFill" time="20.529"/>
  <testcase classname="testCases.TC_004_FormFillDataDriven" name="dataFill" time="9.885"/>
  <testcase classname="testCases.TC_004_FormFillDataDriven" name="dataFill" time="9.429"/>
  <testcase classname="testCases.TC_004_FormFillDataDriven" name="dataFill" time="9.492"/>
  <testcase classname="testCases.TC_004_FormFillDataDriven" name="dataFill" time="9.569"/>
  <testcase classname="testCases.TC_004_FormFillDataDriven" name="dataFill" time="20.482"/>
</testsuite> <!-- testCases.TC_004_FormFillDataDriven -->
