<?xml version="1.0" encoding="UTF-8"?>
<!-- Generated by org.testng.reporters.JUnitReportReporter -->
<testsuite hostname="LTIN227249" failures="0" tests="3" name="testCases.TC_001_WebDevlopment" time="18.017" errors="0" timestamp="2024-03-26T09:29:12 IST" skipped="0">
  <testcase classname="testCases.TC_001_WebDevlopment" name="searchWebDevlopment" time="7.704"/>
  <testcase classname="testCases.TC_001_WebDevlopment" name="clickFilter" time="3.206"/>
  <testcase classname="testCases.TC_001_WebDevlopment" name="printInfo" time="7.107"/>
</testsuite> <!-- testCases.TC_001_WebDevlopment -->
