<?xml version="1.0" encoding="UTF-8"?>
<!-- Generated by org.testng.reporters.JUnitReportReporter -->
<testsuite hostname="LTIN227249" failures="0" tests="3" name="testCases.TC_002_LanguageLearning" time="12.346" errors="0" timestamp="2024-03-26T09:29:12 IST" skipped="0">
  <testcase classname="testCases.TC_002_LanguageLearning" name="searchLanguageLearning" time="10.207"/>
  <testcase classname="testCases.TC_002_LanguageLearning" name="printLanguages" time="2.031"/>
  <testcase classname="testCases.TC_002_LanguageLearning" name="printLevels" time="0.108"/>
</testsuite> <!-- testCases.TC_002_LanguageLearning -->
